Export started: 2026-02-26T15:10:51
Exported dbo.Accountsetup rows=1
Exported dbo.acct rows=139
Exported dbo.arpostinggroups rows=7
Exported dbo.AssetsHeader rows=24
Exported dbo.audittrail rows=13317
Exported dbo.BankAccounts rows=14
Exported dbo.BankReconciliation rows=12
Exported dbo.BankTransactions rows=35769
Exported dbo.billofmaterial rows=19
Exported dbo.BOM_items rows=65
Exported dbo.Budgets rows=55
Exported dbo.buffertable rows=0
Exported dbo.Commision rows=5
Exported dbo.companies rows=1
Exported dbo.config rows=24
Exported dbo.Containers rows=8
Exported dbo.creditors rows=388
Exported dbo.creditorsledger rows=13192
Exported dbo.currencies rows=4
Exported dbo.CustomerStatement rows=10020
Exported dbo.CustomerVisits rows=0
Exported dbo.debtors rows=727
Exported dbo.debtorsledger rows=10756
Exported dbo.Dimensions rows=58
Exported dbo.DimensionSetUp rows=2
Exported dbo.Discouts rows=2
Exported dbo.emailsettings rows=1
Exported dbo.EmployeeProductionRates rows=0
Exported dbo.EnterbillHeaders rows=1761
Exported dbo.EnterbillsLines rows=1764
Exported dbo.fellowships rows=0
Exported dbo.FinancialPeriods rows=144
Exported dbo.fixedassetcategories rows=7
Exported dbo.fixedassetlocations rows=2
Exported dbo.fixedassets rows=32
Exported dbo.FixedAssetsLine rows=52
Exported dbo.fixedassettasks rows=0
Exported dbo.fixedassettrans rows=25
Exported dbo.Generalledger rows=68416
Exported dbo.geocode_param rows=0
Exported dbo.GLpostinggroup rows=2
Exported dbo.inventorypostinggroup rows=4
Exported dbo.JournalEntries rows=2203
Exported dbo.LaboratoryStandards rows=97
Exported dbo.LabPostingDetail rows=2132
Exported dbo.Member rows=0
Exported dbo.naturalElements rows=0
Exported dbo.NewActivity rows=130
Exported dbo.NewContacts rows=164
Exported dbo.PaymentsAllocation rows=11479
Exported dbo.paymentvoucherheader rows=1778
Exported dbo.paymentvoucherline rows=2460
Exported dbo.periods rows=655
Exported dbo.pettdoc rows=16641
Exported dbo.postinggroups rows=2
Exported dbo.PriceList rows=518
Exported dbo.ProdcutionMasterLine rows=6802
Exported dbo.productionconfig rows=27
Exported dbo.productionEmployee rows=3
Exported dbo.productionManager rows=0
Exported dbo.ProductionMaster rows=1222
Exported dbo.ProductionRates rows=0
Exported dbo.ProductionUnit rows=7
Exported dbo.PurchaseHeader rows=4267
Exported dbo.PurchaseLine rows=4803
Exported dbo.receiptheader rows=2164
Exported dbo.ReceiptsAllocation rows=12032
Exported dbo.reportcolumns rows=0
Exported dbo.reportfields rows=0
Exported dbo.reportheaders rows=0
Exported dbo.reportlinks rows=0
Exported dbo.reports rows=0
Exported dbo.SalesHeader rows=7887
Exported dbo.SalesLine rows=10342
Exported dbo.salesrepsinfo rows=6
Exported dbo.scripts rows=218
Exported dbo.securitygroups rows=59
Exported dbo.securityroles rows=6
Exported dbo.securitytokens rows=16
Exported dbo.stockcategory rows=8
Exported dbo.stockexchange rows=33
Exported dbo.stockledger rows=13615
Exported dbo.stockmaster rows=130
Exported dbo.StockRegister rows=2934
Exported dbo.Stores rows=4
Exported dbo.SupplierStatement rows=12998
Exported dbo.sysdiagrams rows=0
Exported dbo.system_printers rows=0
Exported dbo.systypes_1 rows=43
Exported dbo.tanktrans rows=3301
Exported dbo.Tasks rows=152
Exported dbo.unit rows=12
Exported dbo.vatcategory rows=5
Exported dbo.www_users rows=12
Export completed: 2026-02-26T15:25:51
